<?xml version="1.0" encoding="UTF-8"?>
<!-- Generated by org.testng.reporters.JUnitReportReporter -->
<testsuite hostname="Alba" failures="0" tests="1" name="com.crowdar.bdd.cukes.TestNGSecuencialRunner" time="61.631" errors="0" timestamp="26 oct. 2022 02:59:35 GMT" skipped="0">
  <testcase classname="com.crowdar.bdd.cukes.TestNGSecuencialRunner" name="runScenario" time="61.631"/>
</testsuite> <!-- com.crowdar.bdd.cukes.TestNGSecuencialRunner -->
